<?xml version="1.0" encoding="UTF-8"?>
<!-- Generated by org.testng.reporters.JUnitReportReporter -->
<testsuite hostname="sravankumar" failures="0" tests="3" name="P02RunMultiClasses.Class3" time="0.002" errors="0" timestamp="2024-04-04T22:57:27 IST" skipped="0">
  <testcase classname="P02RunMultiClasses.Class3" name="DistrictCount" time="0.002"/>
  <system-out/>
  <testcase classname="P02RunMultiClasses.Class3" name="Telangana" time="0.000"/>
  <system-out/>
  <testcase classname="P02RunMultiClasses.Class3" name="TSBorders" time="0.000"/>
  <system-out/>
</testsuite> <!-- P02RunMultiClasses.Class3 -->
