<?xml version="1.0" encoding="UTF-8"?>
<!-- Generated by org.testng.reporters.JUnitReportReporter -->
<testsuite hostname="sravankumar" failures="0" tests="3" name="P02Run_Multi_Classes.Class3" time="0.001" errors="0" timestamp="2024-04-04T22:53:13 IST" skipped="0">
  <testcase classname="P02Run_Multi_Classes.Class3" name="DistrictCount" time="0.001"/>
  <system-out/>
  <testcase classname="P02Run_Multi_Classes.Class3" name="TSBorders" time="0.000"/>
  <system-out/>
  <testcase classname="P02Run_Multi_Classes.Class3" name="Telangana" time="0.000"/>
  <system-out/>
</testsuite> <!-- P02Run_Multi_Classes.Class3 -->
