<?xml version="1.0" encoding="UTF-8"?>
<!-- Generated by org.testng.reporters.JUnitReportReporter -->
<testsuite hostname="sravankumar" failures="0" tests="2" name="TestNgPack.V1_TestAnnotation_Chk" time="0.016" errors="0" timestamp="2024-04-03T23:06:23 IST" skipped="0">
  <testcase classname="TestNgPack.V1_TestAnnotation_Chk" name="TestCase1" time="0.015"/>
  <system-out/>
  <testcase classname="TestNgPack.V1_TestAnnotation_Chk" name="TestCase2" time="0.001"/>
  <system-out/>
</testsuite> <!-- TestNgPack.V1_TestAnnotation_Chk -->
