<?xml version="1.0" encoding="UTF-8"?>
<!-- Generated by org.testng.reporters.JUnitReportReporter -->
<testsuite hostname="sravankumar" failures="0" tests="2" name="TestNgPack.TestNgClass2" time="0.007" errors="0" timestamp="2024-04-02T22:56:46 IST" skipped="0">
  <testcase classname="TestNgPack.TestNgClass2" name="Moon" time="0.006"/>
  <system-out/>
  <testcase classname="TestNgPack.TestNgClass2" name="Sun" time="0.001"/>
  <system-out/>
</testsuite> <!-- TestNgPack.TestNgClass2 -->
