<?xml version="1.0" encoding="UTF-8"?>
<!-- Generated by org.testng.reporters.JUnitReportReporter -->
<testsuite hostname="sravankumar" failures="0" tests="2" name="P01TestAnnot_Verify_Assert.V1_TestAnnotation_Chk" time="0.021" errors="0" timestamp="2024-04-05T22:04:25 IST" skipped="0">
  <testcase classname="P01TestAnnot_Verify_Assert.V1_TestAnnotation_Chk" name="TestCase1" time="0.018"/>
  <system-out/>
  <testcase classname="P01TestAnnot_Verify_Assert.V1_TestAnnotation_Chk" name="TestCase2" time="0.003"/>
  <system-out/>
</testsuite> <!-- P01TestAnnot_Verify_Assert.V1_TestAnnotation_Chk -->
