<?xml version="1.0" encoding="UTF-8"?>
<!-- Generated by org.testng.reporters.JUnitReportReporter -->
<testsuite hostname="sravankumar" failures="0" tests="1" name="P06_RunRequiredTestCasesOnly.Class3" time="0.001" errors="0" timestamp="2024-04-06T00:17:41 IST" skipped="0">
  <testcase classname="P06_RunRequiredTestCasesOnly.Class3" name="Telangana" time="0.001"/>
  <system-out/>
</testsuite> <!-- P06_RunRequiredTestCasesOnly.Class3 -->
