<?xml version="1.0" encoding="UTF-8"?>
<!-- Generated by org.testng.reporters.JUnitReportReporter -->
<testsuite hostname="sravankumar" failures="0" tests="7" name="P04_PriorityTesting.PriorityClass" time="0.028" errors="0" timestamp="2024-04-05T22:48:20 IST" skipped="0">
  <testcase classname="P04_PriorityTesting.PriorityClass" name="Apple" time="0.016"/>
  <system-out/>
  <testcase classname="P04_PriorityTesting.PriorityClass" name="banana" time="0.003"/>
  <system-out/>
  <testcase classname="P04_PriorityTesting.PriorityClass" name="Cherries" time="0.002"/>
  <system-out/>
  <testcase classname="P04_PriorityTesting.PriorityClass" name="dragonFruit" time="0.002"/>
  <system-out/>
  <testcase classname="P04_PriorityTesting.PriorityClass" name="Elderberry" time="0.003"/>
  <system-out/>
  <testcase classname="P04_PriorityTesting.PriorityClass" name="farkleberry" time="0.001"/>
  <system-out/>
  <testcase classname="P04_PriorityTesting.PriorityClass" name="Grapes" time="0.001"/>
  <system-out/>
</testsuite> <!-- P04_PriorityTesting.PriorityClass -->
