<?xml version="1.0" encoding="UTF-8"?>
<!-- Generated by org.testng.reporters.JUnitReportReporter -->
<testsuite hostname="sravankumar" failures="0" tests="2" name="P03RunMultiClass_GroupBy.Class3" time="0.022" errors="0" timestamp="2024-04-04T23:46:33 IST" skipped="0">
  <testcase classname="P03RunMultiClass_GroupBy.Class3" name="DistrictCount3" time="0.020"/>
  <system-out/>
  <testcase classname="P03RunMultiClass_GroupBy.Class3" name="Telangana3" time="0.002"/>
  <system-out/>
</testsuite> <!-- P03RunMultiClass_GroupBy.Class3 -->
