<?xml version="1.0" encoding="UTF-8"?>
<!-- Generated by org.testng.reporters.JUnitReportReporter -->
<testsuite hostname="sravankumar" failures="0" tests="1" name="P05_RunOnlyFailedTest.Class1" time="0.000" errors="0" timestamp="2024-04-05T23:16:01 IST" skipped="0">
  <testcase classname="P05_RunOnlyFailedTest.Class1" name="India" time="0.000"/>
  <system-out/>
</testsuite> <!-- P05_RunOnlyFailedTest.Class1 -->
