<?xml version="1.0" encoding="UTF-8"?>
<!-- Generated by org.testng.reporters.JUnitReportReporter -->
<testsuite hostname="sravankumar" failures="0" tests="7" name="P04_PriorityTesting.NonPriorityClass" time="0.029" errors="0" timestamp="2024-04-05T22:49:56 IST" skipped="0">
  <testcase classname="P04_PriorityTesting.NonPriorityClass" name="Apple" time="0.018"/>
  <system-out/>
  <testcase classname="P04_PriorityTesting.NonPriorityClass" name="Cherries" time="0.002"/>
  <system-out/>
  <testcase classname="P04_PriorityTesting.NonPriorityClass" name="banana" time="0.001"/>
  <system-out/>
  <testcase classname="P04_PriorityTesting.NonPriorityClass" name="Grapes" time="0.002"/>
  <system-out/>
  <testcase classname="P04_PriorityTesting.NonPriorityClass" name="dragonFruit" time="0.001"/>
  <system-out/>
  <testcase classname="P04_PriorityTesting.NonPriorityClass" name="farkleberry" time="0.002"/>
  <system-out/>
  <testcase classname="P04_PriorityTesting.NonPriorityClass" name="Elderberry" time="0.003"/>
  <system-out/>
</testsuite> <!-- P04_PriorityTesting.NonPriorityClass -->
