<?xml version="1.0" encoding="UTF-8"?>
<!-- Generated by org.testng.reporters.JUnitReportReporter -->
<testsuite hostname="sravankumar" failures="0" tests="1" name="P06_RunRequiredTestCasesOnly.Class2" time="0.002" errors="0" timestamp="2024-04-06T00:17:41 IST" skipped="0">
  <testcase classname="P06_RunRequiredTestCasesOnly.Class2" name="India" time="0.002"/>
  <system-out/>
</testsuite> <!-- P06_RunRequiredTestCasesOnly.Class2 -->
