<?xml version="1.0" encoding="UTF-8"?>
<!-- Generated by org.testng.reporters.JUnitReportReporter -->
<testsuite hostname="sravankumar" failures="0" tests="7" name="P04_PriorityTesting.PriorityClass2" time="0.012" errors="0" timestamp="2024-04-05T22:54:03 IST" skipped="0">
  <testcase classname="P04_PriorityTesting.PriorityClass2" name="Apple" time="0.006"/>
  <system-out/>
  <testcase classname="P04_PriorityTesting.PriorityClass2" name="banana" time="0.001"/>
  <system-out/>
  <testcase classname="P04_PriorityTesting.PriorityClass2" name="Cherries" time="0.001"/>
  <system-out/>
  <testcase classname="P04_PriorityTesting.PriorityClass2" name="dragonFruit" time="0.001"/>
  <system-out/>
  <testcase classname="P04_PriorityTesting.PriorityClass2" name="Elderberry" time="0.001"/>
  <system-out/>
  <testcase classname="P04_PriorityTesting.PriorityClass2" name="farkleberry" time="0.000"/>
  <system-out/>
  <testcase classname="P04_PriorityTesting.PriorityClass2" name="Grapes" time="0.002"/>
  <system-out/>
</testsuite> <!-- P04_PriorityTesting.PriorityClass2 -->
