<?xml version="1.0" encoding="UTF-8"?>
<!-- Generated by org.testng.reporters.JUnitReportReporter -->
<testsuite hostname="sravankumar" failures="0" tests="1" name="P06_RunRequiredTestCasesOnly.Class1" time="0.008" errors="0" timestamp="2024-04-06T00:17:41 IST" skipped="0">
  <testcase classname="P06_RunRequiredTestCasesOnly.Class1" name="Countries" time="0.008"/>
  <system-out/>
</testsuite> <!-- P06_RunRequiredTestCasesOnly.Class1 -->
