<?xml version="1.0" encoding="UTF-8"?>
<!-- Generated by org.testng.reporters.JUnitReportReporter -->
<testsuite hostname="sravankumar" failures="0" tests="2" name="TestNgPack.V2_Verify_Chk" time="0.017" errors="0" timestamp="2024-04-04T21:20:27 IST" skipped="0">
  <testcase classname="TestNgPack.V2_Verify_Chk" name="Moon" time="0.015"/>
  <system-out/>
  <testcase classname="TestNgPack.V2_Verify_Chk" name="Sun" time="0.002"/>
  <system-out/>
</testsuite> <!-- TestNgPack.V2_Verify_Chk -->
